<?xml version="1.0" encoding="UTF-8"?>
<!-- Generated by org.testng.reporters.JUnitXMLReporter -->
<testsuite ignored="0" hostname="DESKTOP-52D5HFG" failures="0" tests="3" name="Default test" time="0.285" errors="0" timestamp="2022-09-19T18:10:23 IST">
  <testcase classname="log4jpackage.Log4jDemo" name="setup" time="0.224"/>
  <testcase classname="log4jpackage.Log4jDemo" name="login" time="0.004"/>
  <testcase classname="log4jpackage.Log4jDemo" name="teardown" time="0.002"/>
</testsuite> <!-- Default test -->
