<?xml version="1.0" encoding="UTF-8"?>
<testng-results ignored="0" total="3" passed="3" failed="0" skipped="0">
  <reporter-output>
  </reporter-output>
  <suite started-at="2022-09-19T18:10:23 IST" name="Default suite" finished-at="2022-09-19T18:10:23 IST" duration-ms="285">
    <groups>
    </groups>
    <test started-at="2022-09-19T18:10:23 IST" name="Default test" finished-at="2022-09-19T18:10:23 IST" duration-ms="285">
      <class name="log4jpackage.Log4jDemo">
        <test-method signature="setup()[pri:1, instance:log4jpackage.Log4jDemo@69fb6037]" started-at="2022-09-19T18:10:23 IST" name="setup" finished-at="2022-09-19T18:10:23 IST" duration-ms="224" status="PASS">
          <reporter-output>
          </reporter-output>
        </test-method> <!-- setup -->
        <test-method signature="login()[pri:2, instance:log4jpackage.Log4jDemo@69fb6037]" started-at="2022-09-19T18:10:23 IST" name="login" finished-at="2022-09-19T18:10:23 IST" duration-ms="4" status="PASS">
          <reporter-output>
          </reporter-output>
        </test-method> <!-- login -->
        <test-method signature="teardown()[pri:3, instance:log4jpackage.Log4jDemo@69fb6037]" started-at="2022-09-19T18:10:23 IST" name="teardown" finished-at="2022-09-19T18:10:23 IST" duration-ms="2" status="PASS">
          <reporter-output>
          </reporter-output>
        </test-method> <!-- teardown -->
      </class> <!-- log4jpackage.Log4jDemo -->
    </test> <!-- Default test -->
  </suite> <!-- Default suite -->
</testng-results>
